<?xml version="1.0" encoding="UTF-8"?>
<testng-results ignored="0" total="12" passed="11" failed="1" skipped="0">
  <reporter-output>
  </reporter-output>
  <suite started-at="2021-02-12T13:04:36 PST" name="Caseys Suite" finished-at="2021-02-12T13:08:48 PST" duration-ms="251647">
    <groups>
    </groups>
    <test started-at="2021-02-12T13:04:36 PST" name="Caseys Test" finished-at="2021-02-12T13:08:48 PST" duration-ms="251647">
      <class name="com.caseys.testCases.TC_002_SelectCreateOwnPizzaTest">
        <test-method is-config="true" signature="setUp()[pri:0, instance:com.caseys.testCases.TC_002_SelectCreateOwnPizzaTest@e6516e]" started-at="2021-02-12T13:04:54 PST" name="setUp" finished-at="2021-02-12T13:05:04 PST" duration-ms="10679" status="PASS">
          <reporter-output>
          </reporter-output>
        </test-method> <!-- setUp -->
        <test-method signature="clickingOnCreateYourOwnPizza()[pri:0, instance:com.caseys.testCases.TC_002_SelectCreateOwnPizzaTest@e6516e]" started-at="2021-02-12T13:05:04 PST" name="clickingOnCreateYourOwnPizza" finished-at="2021-02-12T13:05:09 PST" duration-ms="5086" status="PASS">
          <reporter-output>
          </reporter-output>
        </test-method> <!-- clickingOnCreateYourOwnPizza -->
        <test-method is-config="true" signature="tearDown()[pri:0, instance:com.caseys.testCases.TC_002_SelectCreateOwnPizzaTest@e6516e]" started-at="2021-02-12T13:05:09 PST" name="tearDown" finished-at="2021-02-12T13:05:10 PST" duration-ms="778" status="PASS">
          <reporter-output>
          </reporter-output>
        </test-method> <!-- tearDown -->
      </class> <!-- com.caseys.testCases.TC_002_SelectCreateOwnPizzaTest -->
      <class name="com.caseys.testCases.TC_006_SelectionOfSauceTest">
        <test-method is-config="true" signature="setUp()[pri:0, instance:com.caseys.testCases.TC_006_SelectionOfSauceTest@a50b09c]" started-at="2021-02-12T13:06:11 PST" name="setUp" finished-at="2021-02-12T13:06:22 PST" duration-ms="10920" status="PASS">
          <reporter-output>
          </reporter-output>
        </test-method> <!-- setUp -->
        <test-method signature="selectionOfSauceTest()[pri:0, instance:com.caseys.testCases.TC_006_SelectionOfSauceTest@a50b09c]" started-at="2021-02-12T13:06:22 PST" name="selectionOfSauceTest" finished-at="2021-02-12T13:06:28 PST" duration-ms="5973" status="PASS">
          <reporter-output>
          </reporter-output>
        </test-method> <!-- selectionOfSauceTest -->
        <test-method is-config="true" signature="tearDown()[pri:0, instance:com.caseys.testCases.TC_006_SelectionOfSauceTest@a50b09c]" started-at="2021-02-12T13:06:28 PST" name="tearDown" finished-at="2021-02-12T13:06:29 PST" duration-ms="779" status="PASS">
          <reporter-output>
          </reporter-output>
        </test-method> <!-- tearDown -->
      </class> <!-- com.caseys.testCases.TC_006_SelectionOfSauceTest -->
      <class name="com.caseys.testCases.TC_011_ChoosingOrderAsPickupTest">
        <test-method is-config="true" signature="setUp()[pri:0, instance:com.caseys.testCases.TC_011_ChoosingOrderAsPickupTest@21d5c1a0]" started-at="2021-02-12T13:07:51 PST" name="setUp" finished-at="2021-02-12T13:08:02 PST" duration-ms="10411" status="PASS">
          <reporter-output>
          </reporter-output>
        </test-method> <!-- setUp -->
        <test-method signature="choosingOrderAsPickUpTest(java.lang.String)[pri:0, instance:com.caseys.testCases.TC_011_ChoosingOrderAsPickupTest@21d5c1a0]" started-at="2021-02-12T13:08:02 PST" name="choosingOrderAsPickUpTest" data-provider="dp" finished-at="2021-02-12T13:08:14 PST" duration-ms="12774" status="PASS">
          <params>
            <param index="0">
              <value>
                <![CDATA[1403 N Main St, Findlay, OH 45840, USA]]>
              </value>
            </param>
          </params>
          <reporter-output>
          </reporter-output>
        </test-method> <!-- choosingOrderAsPickUpTest -->
        <test-method is-config="true" signature="tearDown()[pri:0, instance:com.caseys.testCases.TC_011_ChoosingOrderAsPickupTest@21d5c1a0]" started-at="2021-02-12T13:08:14 PST" name="tearDown" finished-at="2021-02-12T13:08:15 PST" duration-ms="815" status="PASS">
          <reporter-output>
          </reporter-output>
        </test-method> <!-- tearDown -->
      </class> <!-- com.caseys.testCases.TC_011_ChoosingOrderAsPickupTest -->
      <class name="com.caseys.testCases.TC_012_OrderCustomizePizzaTest">
        <test-method is-config="true" signature="setUp()[pri:0, instance:com.caseys.testCases.TC_012_OrderCustomizePizzaTest@4de025bf]" started-at="2021-02-12T13:08:15 PST" name="setUp" finished-at="2021-02-12T13:08:27 PST" duration-ms="11890" status="PASS">
          <reporter-output>
          </reporter-output>
        </test-method> <!-- setUp -->
        <test-method signature="orderCustomizePizzaTest(java.lang.String)[pri:0, instance:com.caseys.testCases.TC_012_OrderCustomizePizzaTest@4de025bf]" started-at="2021-02-12T13:08:27 PST" name="orderCustomizePizzaTest" data-provider="dp" finished-at="2021-02-12T13:08:47 PST" duration-ms="19567" status="FAIL">
          <params>
            <param index="0">
              <value>
                <![CDATA[1403 N Main St, Findlay, OH 45840, USA]]>
              </value>
            </param>
          </params>
          <exception class="org.openqa.selenium.NoSuchElementException">
            <message>
              <![CDATA[no such element: Unable to locate element: {"method":"xpath","selector":"/html/body/div[2]/section/div[2]/div[2]/div/div/div/div/div[1]/div/div[2]/div[1]/div/div/div[1]/div/div/div[2]/button"}
  (Session info: chrome=88.0.4324.150)
For documentation on this error, please visit: https://www.seleniumhq.org/exceptions/no_such_element.html
Build info: version: '3.141.59', revision: 'e82be7d358', time: '2018-11-14T08:17:03'
System info: host: 'SUJAN-M', ip: '10.0.0.11', os.name: 'Windows 10', os.arch: 'amd64', os.version: '10.0', java.version: '11.0.8'
Driver info: org.openqa.selenium.chrome.ChromeDriver
Capabilities {acceptInsecureCerts: false, browserName: chrome, browserVersion: 88.0.4324.150, chrome: {chromedriverVersion: 88.0.4324.96 (68dba2d8a0b14..., userDataDir: C:\Users\SUJAN\AppData\Loca...}, goog:chromeOptions: {debuggerAddress: localhost:60243}, javascriptEnabled: true, networkConnectionEnabled: false, pageLoadStrategy: normal, platform: WINDOWS, platformName: WINDOWS, proxy: Proxy(), setWindowRect: true, strictFileInteractability: false, timeouts: {implicit: 0, pageLoad: 300000, script: 30000}, unhandledPromptBehavior: dismiss and notify, webauthn:extension:largeBlob: true, webauthn:virtualAuthenticators: true}
Session ID: af4e5c65c72c406a653761e1dc5deae3
*** Element info: {Using=xpath, value=/html/body/div[2]/section/div[2]/div[2]/div/div/div/div/div[1]/div/div[2]/div[1]/div/div/div[1]/div/div/div[2]/button}]]>
            </message>
            <full-stacktrace>
              <![CDATA[org.openqa.selenium.NoSuchElementException: no such element: Unable to locate element: {"method":"xpath","selector":"/html/body/div[2]/section/div[2]/div[2]/div/div/div/div/div[1]/div/div[2]/div[1]/div/div/div[1]/div/div/div[2]/button"}
  (Session info: chrome=88.0.4324.150)
For documentation on this error, please visit: https://www.seleniumhq.org/exceptions/no_such_element.html
Build info: version: '3.141.59', revision: 'e82be7d358', time: '2018-11-14T08:17:03'
System info: host: 'SUJAN-M', ip: '10.0.0.11', os.name: 'Windows 10', os.arch: 'amd64', os.version: '10.0', java.version: '11.0.8'
Driver info: org.openqa.selenium.chrome.ChromeDriver
Capabilities {acceptInsecureCerts: false, browserName: chrome, browserVersion: 88.0.4324.150, chrome: {chromedriverVersion: 88.0.4324.96 (68dba2d8a0b14..., userDataDir: C:\Users\SUJAN\AppData\Loca...}, goog:chromeOptions: {debuggerAddress: localhost:60243}, javascriptEnabled: true, networkConnectionEnabled: false, pageLoadStrategy: normal, platform: WINDOWS, platformName: WINDOWS, proxy: Proxy(), setWindowRect: true, strictFileInteractability: false, timeouts: {implicit: 0, pageLoad: 300000, script: 30000}, unhandledPromptBehavior: dismiss and notify, webauthn:extension:largeBlob: true, webauthn:virtualAuthenticators: true}
Session ID: af4e5c65c72c406a653761e1dc5deae3
*** Element info: {Using=xpath, value=/html/body/div[2]/section/div[2]/div[2]/div/div/div/div/div[1]/div/div[2]/div[1]/div/div/div[1]/div/div/div[2]/button}
at java.base/jdk.internal.reflect.NativeConstructorAccessorImpl.newInstance0(Native Method)
at java.base/jdk.internal.reflect.NativeConstructorAccessorImpl.newInstance(NativeConstructorAccessorImpl.java:62)
at java.base/jdk.internal.reflect.DelegatingConstructorAccessorImpl.newInstance(DelegatingConstructorAccessorImpl.java:45)
at java.base/java.lang.reflect.Constructor.newInstance(Constructor.java:490)
at org.openqa.selenium.remote.http.W3CHttpResponseCodec.createException(W3CHttpResponseCodec.java:187)
at org.openqa.selenium.remote.http.W3CHttpResponseCodec.decode(W3CHttpResponseCodec.java:122)
at org.openqa.selenium.remote.http.W3CHttpResponseCodec.decode(W3CHttpResponseCodec.java:49)
at org.openqa.selenium.remote.HttpCommandExecutor.execute(HttpCommandExecutor.java:158)
at org.openqa.selenium.remote.service.DriverCommandExecutor.execute(DriverCommandExecutor.java:83)
at org.openqa.selenium.remote.RemoteWebDriver.execute(RemoteWebDriver.java:552)
at org.openqa.selenium.remote.RemoteWebDriver.findElement(RemoteWebDriver.java:323)
at org.openqa.selenium.remote.RemoteWebDriver.findElementByXPath(RemoteWebDriver.java:428)
at org.openqa.selenium.By$ByXPath.findElement(By.java:353)
at org.openqa.selenium.remote.RemoteWebDriver.findElement(RemoteWebDriver.java:315)
at org.openqa.selenium.support.pagefactory.DefaultElementLocator.findElement(DefaultElementLocator.java:69)
at org.openqa.selenium.support.pagefactory.internal.LocatingElementHandler.invoke(LocatingElementHandler.java:38)
at com.sun.proxy.$Proxy10.click(Unknown Source)
at com.caseys.pageObjects.PickUpPage.clickOnStoreDetails(PickUpPage.java:38)
at com.caseys.testCases.TC_012_OrderCustomizePizzaTest.orderCustomizePizzaTest(TC_012_OrderCustomizePizzaTest.java:59)
at java.base/jdk.internal.reflect.NativeMethodAccessorImpl.invoke0(Native Method)
at java.base/jdk.internal.reflect.NativeMethodAccessorImpl.invoke(NativeMethodAccessorImpl.java:62)
at java.base/jdk.internal.reflect.DelegatingMethodAccessorImpl.invoke(DelegatingMethodAccessorImpl.java:43)
at java.base/java.lang.reflect.Method.invoke(Method.java:566)
at org.testng.internal.MethodInvocationHelper.invokeMethod(MethodInvocationHelper.java:132)
at org.testng.internal.TestInvoker.invokeMethod(TestInvoker.java:599)
at org.testng.internal.TestInvoker.invokeTestMethod(TestInvoker.java:174)
at org.testng.internal.MethodRunner.runInSequence(MethodRunner.java:46)
at org.testng.internal.TestInvoker$MethodInvocationAgent.invoke(TestInvoker.java:822)
at org.testng.internal.TestInvoker.invokeTestMethods(TestInvoker.java:147)
at org.testng.internal.TestMethodWorker.invokeTestMethods(TestMethodWorker.java:146)
at org.testng.internal.TestMethodWorker.run(TestMethodWorker.java:128)
at java.base/java.util.ArrayList.forEach(ArrayList.java:1541)
at org.testng.TestRunner.privateRun(TestRunner.java:764)
at org.testng.TestRunner.run(TestRunner.java:585)
at org.testng.SuiteRunner.runTest(SuiteRunner.java:384)
at org.testng.SuiteRunner.runSequentially(SuiteRunner.java:378)
at org.testng.SuiteRunner.privateRun(SuiteRunner.java:337)
at org.testng.SuiteRunner.run(SuiteRunner.java:286)
at org.testng.SuiteRunnerWorker.runSuite(SuiteRunnerWorker.java:53)
at org.testng.SuiteRunnerWorker.run(SuiteRunnerWorker.java:96)
at org.testng.TestNG.runSuitesSequentially(TestNG.java:1218)
at org.testng.TestNG.runSuitesLocally(TestNG.java:1140)
at org.testng.TestNG.runSuites(TestNG.java:1069)
at org.testng.TestNG.run(TestNG.java:1037)
at org.apache.maven.surefire.testng.TestNGExecutor.run(TestNGExecutor.java:283)
at org.apache.maven.surefire.testng.TestNGXmlTestSuite.execute(TestNGXmlTestSuite.java:75)
at org.apache.maven.surefire.testng.TestNGProvider.invoke(TestNGProvider.java:120)
at org.apache.maven.surefire.booter.ForkedBooter.invokeProviderInSameClassLoader(ForkedBooter.java:384)
at org.apache.maven.surefire.booter.ForkedBooter.runSuitesInProcess(ForkedBooter.java:345)
at org.apache.maven.surefire.booter.ForkedBooter.execute(ForkedBooter.java:126)
at org.apache.maven.surefire.booter.ForkedBooter.main(ForkedBooter.java:418)
]]>
            </full-stacktrace>
          </exception> <!-- org.openqa.selenium.NoSuchElementException -->
          <reporter-output>
          </reporter-output>
        </test-method> <!-- orderCustomizePizzaTest -->
        <test-method is-config="true" signature="tearDown()[pri:0, instance:com.caseys.testCases.TC_012_OrderCustomizePizzaTest@4de025bf]" started-at="2021-02-12T13:08:47 PST" name="tearDown" finished-at="2021-02-12T13:08:48 PST" duration-ms="876" status="PASS">
          <reporter-output>
          </reporter-output>
        </test-method> <!-- tearDown -->
      </class> <!-- com.caseys.testCases.TC_012_OrderCustomizePizzaTest -->
      <class name="com.caseys.testCases.TC_004_SelectingQualOfPizzaTest">
        <test-method is-config="true" signature="setUp()[pri:0, instance:com.caseys.testCases.TC_004_SelectingQualOfPizzaTest@43ed0ff3]" started-at="2021-02-12T13:05:27 PST" name="setUp" finished-at="2021-02-12T13:05:39 PST" duration-ms="11815" status="PASS">
          <reporter-output>
          </reporter-output>
        </test-method> <!-- setUp -->
        <test-method signature="selectingQualityOfPizzaTest()[pri:0, instance:com.caseys.testCases.TC_004_SelectingQualOfPizzaTest@43ed0ff3]" started-at="2021-02-12T13:05:39 PST" name="selectingQualityOfPizzaTest" finished-at="2021-02-12T13:05:44 PST" duration-ms="5031" status="PASS">
          <reporter-output>
          </reporter-output>
        </test-method> <!-- selectingQualityOfPizzaTest -->
        <test-method is-config="true" signature="tearDown()[pri:0, instance:com.caseys.testCases.TC_004_SelectingQualOfPizzaTest@43ed0ff3]" started-at="2021-02-12T13:05:44 PST" name="tearDown" finished-at="2021-02-12T13:05:45 PST" duration-ms="721" status="PASS">
          <reporter-output>
          </reporter-output>
        </test-method> <!-- tearDown -->
      </class> <!-- com.caseys.testCases.TC_004_SelectingQualOfPizzaTest -->
      <class name="com.caseys.testCases.TC_008_SelectionOfMeatsTest">
        <test-method is-config="true" signature="setUp()[pri:0, instance:com.caseys.testCases.TC_008_SelectionOfMeatsTest@6691490c]" started-at="2021-02-12T13:06:48 PST" name="setUp" finished-at="2021-02-12T13:07:00 PST" duration-ms="12342" status="PASS">
          <reporter-output>
          </reporter-output>
        </test-method> <!-- setUp -->
        <test-method signature="selectionOfMeatsTest()[pri:0, instance:com.caseys.testCases.TC_008_SelectionOfMeatsTest@6691490c]" started-at="2021-02-12T13:07:00 PST" name="selectionOfMeatsTest" finished-at="2021-02-12T13:07:09 PST" duration-ms="8437" status="PASS">
          <reporter-output>
          </reporter-output>
        </test-method> <!-- selectionOfMeatsTest -->
        <test-method is-config="true" signature="tearDown()[pri:0, instance:com.caseys.testCases.TC_008_SelectionOfMeatsTest@6691490c]" started-at="2021-02-12T13:07:09 PST" name="tearDown" finished-at="2021-02-12T13:07:10 PST" duration-ms="797" status="PASS">
          <reporter-output>
          </reporter-output>
        </test-method> <!-- tearDown -->
      </class> <!-- com.caseys.testCases.TC_008_SelectionOfMeatsTest -->
      <class name="com.caseys.testCases.TC_007_SelectionOfCheeseTest">
        <test-method is-config="true" signature="setUp()[pri:0, instance:com.caseys.testCases.TC_007_SelectionOfCheeseTest@4da855dd]" started-at="2021-02-12T13:06:29 PST" name="setUp" finished-at="2021-02-12T13:06:39 PST" duration-ms="10651" status="PASS">
          <reporter-output>
          </reporter-output>
        </test-method> <!-- setUp -->
        <test-method signature="selectionOfCheeseTest()[pri:0, instance:com.caseys.testCases.TC_007_SelectionOfCheeseTest@4da855dd]" started-at="2021-02-12T13:06:39 PST" name="selectionOfCheeseTest" finished-at="2021-02-12T13:06:47 PST" duration-ms="8011" status="PASS">
          <reporter-output>
          </reporter-output>
        </test-method> <!-- selectionOfCheeseTest -->
        <test-method is-config="true" signature="tearDown()[pri:0, instance:com.caseys.testCases.TC_007_SelectionOfCheeseTest@4da855dd]" started-at="2021-02-12T13:06:47 PST" name="tearDown" finished-at="2021-02-12T13:06:48 PST" duration-ms="856" status="PASS">
          <reporter-output>
          </reporter-output>
        </test-method> <!-- tearDown -->
      </class> <!-- com.caseys.testCases.TC_007_SelectionOfCheeseTest -->
      <class name="com.caseys.testCases.TC_005_SelectingSizeOfPizzaTest">
        <test-method is-config="true" signature="setUp()[pri:0, instance:com.caseys.testCases.TC_005_SelectingSizeOfPizzaTest@388ffbc2]" started-at="2021-02-12T13:05:45 PST" name="setUp" finished-at="2021-02-12T13:06:01 PST" duration-ms="16246" status="PASS">
          <reporter-output>
          </reporter-output>
        </test-method> <!-- setUp -->
        <test-method signature="creatingOwnPizzaTest()[pri:0, instance:com.caseys.testCases.TC_005_SelectingSizeOfPizzaTest@388ffbc2]" started-at="2021-02-12T13:06:01 PST" name="creatingOwnPizzaTest" finished-at="2021-02-12T13:06:10 PST" duration-ms="9206" status="PASS">
          <reporter-output>
          </reporter-output>
        </test-method> <!-- creatingOwnPizzaTest -->
        <test-method is-config="true" signature="tearDown()[pri:0, instance:com.caseys.testCases.TC_005_SelectingSizeOfPizzaTest@388ffbc2]" started-at="2021-02-12T13:06:10 PST" name="tearDown" finished-at="2021-02-12T13:06:11 PST" duration-ms="852" status="PASS">
          <reporter-output>
          </reporter-output>
        </test-method> <!-- tearDown -->
      </class> <!-- com.caseys.testCases.TC_005_SelectingSizeOfPizzaTest -->
      <class name="com.caseys.testCases.TC_010_SelectionOfEspInsTest">
        <test-method is-config="true" signature="setUp()[pri:0, instance:com.caseys.testCases.TC_010_SelectionOfEspInsTest@2e5c7f0b]" started-at="2021-02-12T13:07:31 PST" name="setUp" finished-at="2021-02-12T13:07:41 PST" duration-ms="10752" status="PASS">
          <reporter-output>
          </reporter-output>
        </test-method> <!-- setUp -->
        <test-method signature="selectionOfEspInsTest()[pri:0, instance:com.caseys.testCases.TC_010_SelectionOfEspInsTest@2e5c7f0b]" started-at="2021-02-12T13:07:41 PST" name="selectionOfEspInsTest" finished-at="2021-02-12T13:07:50 PST" duration-ms="8701" status="PASS">
          <reporter-output>
          </reporter-output>
        </test-method> <!-- selectionOfEspInsTest -->
        <test-method is-config="true" signature="tearDown()[pri:0, instance:com.caseys.testCases.TC_010_SelectionOfEspInsTest@2e5c7f0b]" started-at="2021-02-12T13:07:50 PST" name="tearDown" finished-at="2021-02-12T13:07:51 PST" duration-ms="922" status="PASS">
          <reporter-output>
          </reporter-output>
        </test-method> <!-- tearDown -->
      </class> <!-- com.caseys.testCases.TC_010_SelectionOfEspInsTest -->
      <class name="com.caseys.testCases.TC_001_SelectingPizzaTest">
        <test-method is-config="true" signature="setUp()[pri:0, instance:com.caseys.testCases.TC_001_SelectingPizzaTest@7e70bd39]" started-at="2021-02-12T13:04:36 PST" name="setUp" finished-at="2021-02-12T13:04:50 PST" duration-ms="13580" status="PASS">
          <reporter-output>
          </reporter-output>
        </test-method> <!-- setUp -->
        <test-method signature="clickingonPizza()[pri:0, instance:com.caseys.testCases.TC_001_SelectingPizzaTest@7e70bd39]" started-at="2021-02-12T13:04:50 PST" name="clickingonPizza" finished-at="2021-02-12T13:04:52 PST" duration-ms="2685" status="PASS">
          <reporter-output>
          </reporter-output>
        </test-method> <!-- clickingonPizza -->
        <test-method is-config="true" signature="tearDown()[pri:0, instance:com.caseys.testCases.TC_001_SelectingPizzaTest@7e70bd39]" started-at="2021-02-12T13:04:52 PST" name="tearDown" finished-at="2021-02-12T13:04:54 PST" duration-ms="1211" status="PASS">
          <reporter-output>
          </reporter-output>
        </test-method> <!-- tearDown -->
      </class> <!-- com.caseys.testCases.TC_001_SelectingPizzaTest -->
      <class name="com.caseys.testCases.TC_009_SelectionOfVeggiesTest">
        <test-method is-config="true" signature="setUp()[pri:0, instance:com.caseys.testCases.TC_009_SelectionOfVeggiesTest@2187fff7]" started-at="2021-02-12T13:07:10 PST" name="setUp" finished-at="2021-02-12T13:07:20 PST" duration-ms="10697" status="PASS">
          <reporter-output>
          </reporter-output>
        </test-method> <!-- setUp -->
        <test-method signature="selectionOfVeggiesTest()[pri:0, instance:com.caseys.testCases.TC_009_SelectionOfVeggiesTest@2187fff7]" started-at="2021-02-12T13:07:20 PST" name="selectionOfVeggiesTest" finished-at="2021-02-12T13:07:30 PST" duration-ms="9509" status="PASS">
          <reporter-output>
          </reporter-output>
        </test-method> <!-- selectionOfVeggiesTest -->
        <test-method is-config="true" signature="tearDown()[pri:0, instance:com.caseys.testCases.TC_009_SelectionOfVeggiesTest@2187fff7]" started-at="2021-02-12T13:07:30 PST" name="tearDown" finished-at="2021-02-12T13:07:31 PST" duration-ms="887" status="PASS">
          <reporter-output>
          </reporter-output>
        </test-method> <!-- tearDown -->
      </class> <!-- com.caseys.testCases.TC_009_SelectionOfVeggiesTest -->
      <class name="com.caseys.testCases.TC_003_SelectingQtyOfPizzaTest">
        <test-method is-config="true" signature="setUp()[pri:0, instance:com.caseys.testCases.TC_003_SelectingQtyOfPizzaTest@6de54b40]" started-at="2021-02-12T13:05:10 PST" name="setUp" finished-at="2021-02-12T13:05:21 PST" duration-ms="10888" status="PASS">
          <reporter-output>
          </reporter-output>
        </test-method> <!-- setUp -->
        <test-method signature="selectingQtyOfPizzaTest()[pri:0, instance:com.caseys.testCases.TC_003_SelectingQtyOfPizzaTest@6de54b40]" started-at="2021-02-12T13:05:21 PST" name="selectingQtyOfPizzaTest" finished-at="2021-02-12T13:05:26 PST" duration-ms="5051" status="PASS">
          <reporter-output>
          </reporter-output>
        </test-method> <!-- selectingQtyOfPizzaTest -->
        <test-method is-config="true" signature="tearDown()[pri:0, instance:com.caseys.testCases.TC_003_SelectingQtyOfPizzaTest@6de54b40]" started-at="2021-02-12T13:05:26 PST" name="tearDown" finished-at="2021-02-12T13:05:27 PST" duration-ms="801" status="PASS">
          <reporter-output>
          </reporter-output>
        </test-method> <!-- tearDown -->
      </class> <!-- com.caseys.testCases.TC_003_SelectingQtyOfPizzaTest -->
    </test> <!-- Caseys Test -->
  </suite> <!-- Caseys Suite -->
</testng-results>
