<?xml version="1.0" encoding="UTF-8"?>
<testsuite xmlns:xsi="http://www.w3.org/2001/XMLSchema-instance" xsi:noNamespaceSchemaLocation="https://maven.apache.org/surefire/maven-surefire-plugin/xsd/surefire-test-report.xsd" name="TestSuite" time="253.926" tests="12" errors="0" skipped="0" failures="1">
  <properties>
[...]
</properties>
  <testcase name="clickingonPizza" classname="com.caseys.testCases.TC_001_SelectingPizzaTest" time="2.699"/>
  <testcase name="clickingOnCreateYourOwnPizza" classname="com.caseys.testCases.TC_002_SelectCreateOwnPizzaTest" time="5.089"/>
  <testcase name="selectingQtyOfPizzaTest" classname="com.caseys.testCases.TC_003_SelectingQtyOfPizzaTest" time="5.051"/>
  <testcase name="selectingQualityOfPizzaTest" classname="com.caseys.testCases.TC_004_SelectingQualOfPizzaTest" time="5.027"/>
  <testcase name="creatingOwnPizzaTest" classname="com.caseys.testCases.TC_005_SelectingSizeOfPizzaTest" time="9.207"/>
  <testcase name="selectionOfSauceTest" classname="com.caseys.testCases.TC_006_SelectionOfSauceTest" time="5.977"/>
  <testcase name="selectionOfCheeseTest" classname="com.caseys.testCases.TC_007_SelectionOfCheeseTest" time="8.006"/>
  <testcase name="selectionOfMeatsTest" classname="com.caseys.testCases.TC_008_SelectionOfMeatsTest" time="8.439"/>
  <testcase name="selectionOfVeggiesTest" classname="com.caseys.testCases.TC_009_SelectionOfVeggiesTest" time="9.51"/>
  <testcase name="selectionOfEspInsTest" classname="com.caseys.testCases.TC_010_SelectionOfEspInsTest" time="8.703"/>
  <testcase name="choosingOrderAsPickUpTest" classname="com.caseys.testCases.TC_011_ChoosingOrderAsPickupTest" time="12.777"/>
  <testcase name="orderCustomizePizzaTest" classname="com.caseys.testCases.TC_012_OrderCustomizePizzaTest" time="19.918">
    <failure message="no such element: Unable to locate element: {&quot;method&quot;:&quot;xpath&quot;,&quot;selector&quot;:&quot;/html/body/div[2]/section/div[2]/div[2]/div/div/div/div/div[1]/div/div[2]/div[1]/div/div/div[1]/div/div/div[2]/button&quot;}&#10;  (Session info: chrome=88.0.4324.150)&#10;For documentation on this error, please visit: https://www.seleniumhq.org/exceptions/no_such_element.html&#10;Build info: version: &apos;3.141.59&apos;, revision: &apos;e82be7d358&apos;, time: &apos;2018-11-14T08:17:03&apos;&#10;System info: host: &apos;SUJAN-M&apos;, ip: &apos;10.0.0.11&apos;, os.name: &apos;Windows 10&apos;, os.arch: &apos;amd64&apos;, os.version: &apos;10.0&apos;, java.version: &apos;11.0.8&apos;&#10;Driver info: org.openqa.selenium.chrome.ChromeDriver&#10;Capabilities {acceptInsecureCerts: false, browserName: chrome, browserVersion: 88.0.4324.150, chrome: {chromedriverVersion: 88.0.4324.96 (68dba2d8a0b14..., userDataDir: C:\Users\SUJAN\AppData\Loca...}, goog:chromeOptions: {debuggerAddress: localhost:60243}, javascriptEnabled: true, networkConnectionEnabled: false, pageLoadStrategy: normal, platform: WINDOWS, platformName: WINDOWS, proxy: Proxy(), setWindowRect: true, strictFileInteractability: false, timeouts: {implicit: 0, pageLoad: 300000, script: 30000}, unhandledPromptBehavior: dismiss and notify, webauthn:extension:largeBlob: true, webauthn:virtualAuthenticators: true}&#10;Session ID: af4e5c65c72c406a653761e1dc5deae3&#10;*** Element info: {Using=xpath, value=/html/body/div[2]/section/div[2]/div[2]/div/div/div/div/div[1]/div/div[2]/div[1]/div/div/div[1]/div/div/div[2]/button}" type="org.openqa.selenium.NoSuchElementException">org.openqa.selenium.NoSuchElementException: 
no such element: Unable to locate element: {"method":"xpath","selector":"/html/body/div[2]/section/div[2]/div[2]/div/div/div/div/div[1]/div/div[2]/div[1]/div/div/div[1]/div/div/div[2]/button"}
  (Session info: chrome=88.0.4324.150)
For documentation on this error, please visit: https://www.seleniumhq.org/exceptions/no_such_element.html
Build info: version: '3.141.59', revision: 'e82be7d358', time: '2018-11-14T08:17:03'
System info: host: 'SUJAN-M', ip: '10.0.0.11', os.name: 'Windows 10', os.arch: 'amd64', os.version: '10.0', java.version: '11.0.8'
Driver info: org.openqa.selenium.chrome.ChromeDriver
Capabilities {acceptInsecureCerts: false, browserName: chrome, browserVersion: 88.0.4324.150, chrome: {chromedriverVersion: 88.0.4324.96 (68dba2d8a0b14..., userDataDir: C:\Users\SUJAN\AppData\Loca...}, goog:chromeOptions: {debuggerAddress: localhost:60243}, javascriptEnabled: true, networkConnectionEnabled: false, pageLoadStrategy: normal, platform: WINDOWS, platformName: WINDOWS, proxy: Proxy(), setWindowRect: true, strictFileInteractability: false, timeouts: {implicit: 0, pageLoad: 300000, script: 30000}, unhandledPromptBehavior: dismiss and notify, webauthn:extension:largeBlob: true, webauthn:virtualAuthenticators: true}
Session ID: af4e5c65c72c406a653761e1dc5deae3
*** Element info: {Using=xpath, value=/html/body/div[2]/section/div[2]/div[2]/div/div/div/div/div[1]/div/div[2]/div[1]/div/div/div[1]/div/div/div[2]/button}
	at com.caseys.testCases.TC_012_OrderCustomizePizzaTest.orderCustomizePizzaTest(TC_012_OrderCustomizePizzaTest.java:59)
</failure>
    <system-out><![CDATA[INFO    2021-02-12 13:08:15,632 [main] com.caseys.base.BaseTest  - Test Execution has started!!!
INFO    2021-02-12 13:08:15,634 [main] com.caseys.base.BaseTest  - Config file has been loaded!
INFO    2021-02-12 13:08:17,133 [main] com.caseys.base.BaseTest  - Chrome has been launched!!
INFO    2021-02-12 13:08:27,372 [main] com.caseys.base.BaseTest  - Navigated to: https://www.caseys.com/
INFO    2021-02-12 13:08:27,508 [main] com.caseys.base.BaseTest  - Window has been maximized
INFO    2021-02-12 13:08:27,739 [main] com.caseys.base.BaseTest  - Mouse Hover to Menu
INFO    2021-02-12 13:08:31,605 [main] com.caseys.base.BaseTest  - Clicking on Create Your Own Pizza after clicking on Pizza!!
INFO    2021-02-12 13:08:31,605 [main] com.caseys.base.BaseTest  - Selecting the quantity
INFO    2021-02-12 13:08:32,617 [main] com.caseys.base.BaseTest  - Selected the quantity
INFO    2021-02-12 13:08:32,746 [main] com.caseys.base.BaseTest  - Selected the quality
INFO    2021-02-12 13:08:32,972 [main] com.caseys.base.BaseTest  - Selected the size
INFO    2021-02-12 13:08:33,292 [main] com.caseys.base.BaseTest  - Selecting Sauce Marinara and light
INFO    2021-02-12 13:08:33,456 [main] com.caseys.base.BaseTest  - Selecting Cheese and Regular
INFO    2021-02-12 13:08:34,563 [main] com.caseys.base.BaseTest  - Selecting meat
INFO    2021-02-12 13:08:35,975 [main] com.caseys.base.BaseTest  - Selecting veggies
INFO    2021-02-12 13:08:36,285 [main] com.caseys.base.BaseTest  - Special Instruction provided
Allergen Information
Eggs
Soy
Wheat & Gluten
Milk
INFO    2021-02-12 13:08:36,339 [main] com.caseys.base.BaseTest  - Printed Allergen Info
INFO    2021-02-12 13:08:36,442 [main] com.caseys.base.BaseTest  - Clicking on Start Order
Select Pickup or
Delivery to start
INFO    2021-02-12 13:08:36,729 [main] com.caseys.base.BaseTest  - pickup selected
INFO    2021-02-12 13:08:37,025 [main] com.caseys.base.BaseTest  - Address entered
]]></system-out>
    <system-err><![CDATA[Starting ChromeDriver 88.0.4324.96 (68dba2d8a0b149a1d3afac56fa74648032bcf46b-refs/branch-heads/4324@{#1784}) on port 10131
Only local connections are allowed.
Please see https://chromedriver.chromium.org/security-considerations for suggestions on keeping ChromeDriver safe.
ChromeDriver was started successfully.
Feb 12, 2021 1:08:17 PM org.openqa.selenium.remote.ProtocolHandshake createSession
INFO: Detected dialect: W3C
]]></system-err>
  </testcase>
</testsuite>