<?xml version="1.0" encoding="UTF-8"?>
<testng-results ignored="0" total="0" passed="0" failed="0" skipped="0">
  <reporter-output>
  </reporter-output>
  <suite started-at="2021-02-12T15:12:46 PST" name="Caseys Suite" finished-at="2021-02-12T15:12:46 PST" duration-ms="10">
    <groups>
    </groups>
    <test started-at="2021-02-12T15:12:46 PST" name="Caseys Test" finished-at="2021-02-12T15:12:46 PST" duration-ms="10">
    </test> <!-- Caseys Test -->
  </suite> <!-- Caseys Suite -->
</testng-results>
